// These settings are saved for each player profile used 
//  in the engine.  I.e., when the name is changed, or the
//  engine shuts down, these settings are saved under the .cfg that
//  is unique to the player.
//
// Created:  7/15/98 YWB
//
// Sound
//
hisound
bgmvolume
volume
//
// Video
//
viewsize
gamma
brightness
vid_mode
//
// Game Settings
//
cl_forwardspeed
cl_backspeed
sv_aim
crosshair
//
// Mouse
//
sensitivity
m_pitch
lookspring
lookstrafe

//
// New "Opera" settings
//
op_hud
op_doubletap
op_autostand
op_dodge
op_heartbeat

op_bloodeffects
op_smokepuffs
op_tracers
op_ejectedshells
op_muzzleflashes
op_debris

op_mp3player

op_hidecash
op_hideaction
op_hidebullets
op_autoreload

op_raindensity
op_firelight
op_dyanlights
op_bodies

op_deathsymbol

op_armskin

